<?xml version="1.0" encoding="UTF-8"?>
<!-- Generated by org.testng.reporters.JUnitReportReporter -->
<testsuite hostname="Hassan-G8" failures="0" tests="1" name="org.example.testcases.req_res" time="3.163" errors="0" timestamp="2022-11-12T20:05:43 PKT" skipped="0">
  <testcase classname="org.example.testcases.req_res" name="updateUser" time="3.163"/>
  <system-out/>
</testsuite> <!-- org.example.testcases.req_res -->
