<?xml version="1.0" encoding="UTF-8"?>
<!-- Generated by org.testng.reporters.JUnitReportReporter -->
<testsuite hostname="Hassan-G8" failures="0" tests="6" name="org.example.testcases.restful_booker" time="21.194" errors="0" timestamp="2022-11-12T20:10:33 PKT" skipped="0">
  <testcase classname="org.example.testcases.restful_booker" name="createToken" time="3.596"/>
  <system-out/>
  <testcase classname="org.example.testcases.restful_booker" name="create_booking" time="5.603"/>
  <system-out/>
  <testcase classname="org.example.testcases.restful_booker" name="update_booking" time="2.844"/>
  <system-out/>
  <testcase classname="org.example.testcases.restful_booker" name="partially_updated_booking" time="2.281"/>
  <system-out/>
  <testcase classname="org.example.testcases.restful_booker" name="delete_booking" time="3.722"/>
  <system-out/>
  <testcase classname="org.example.testcases.restful_booker" name="check_Deleted_booking" time="3.148"/>
  <system-out/>
</testsuite> <!-- org.example.testcases.restful_booker -->
